Reading ../examples/hanoi.feeny
Moving plate from A Stack to C Stack
Moving plate from A Stack to B Stack
Moving plate from C Stack to B Stack
Moving plate from A Stack to C Stack
Moving plate from B Stack to A Stack
Moving plate from B Stack to C Stack
Moving plate from A Stack to C Stack
Moving plate from A Stack to B Stack
Moving plate from C Stack to B Stack
Moving plate from C Stack to A Stack
Moving plate from B Stack to A Stack
Moving plate from C Stack to B Stack
Moving plate from A Stack to C Stack
Moving plate from A Stack to B Stack
Moving plate from C Stack to B Stack
Moving plate from A Stack to C Stack
Moving plate from B Stack to A Stack
Moving plate from B Stack to C Stack
Moving plate from A Stack to C Stack
Moving plate from B Stack to A Stack
Moving plate from C Stack to B Stack
Moving plate from C Stack to A Stack
Moving plate from B Stack to A Stack
Moving plate from B Stack to C Stack
Moving plate from A Stack to C Stack
Moving plate from A Stack to B Stack
Moving plate from C Stack to B Stack
Moving plate from A Stack to C Stack
Moving plate from B Stack to A Stack
Moving plate from B Stack to C Stack
Moving plate from A Stack to C Stack
Moving plate from A Stack to B Stack
Moving plate from C Stack to B Stack
Moving plate from C Stack to A Stack
Moving plate from B Stack to A Stack
Moving plate from C Stack to B Stack
Moving plate from A Stack to C Stack
Moving plate from A Stack to B Stack
Moving plate from C Stack to B Stack
Moving plate from C Stack to A Stack
Moving plate from B Stack to A Stack
Moving plate from B Stack to C Stack
Moving plate from A Stack to C Stack
Moving plate from B Stack to A Stack
Moving plate from C Stack to B Stack
Moving plate from C Stack to A Stack
Moving plate from B Stack to A Stack
Moving plate from C Stack to B Stack
Moving plate from A Stack to C Stack
Moving plate from A Stack to B Stack
Moving plate from C Stack to B Stack
Moving plate from A Stack to C Stack
Moving plate from B Stack to A Stack
Moving plate from B Stack to C Stack
Moving plate from A Stack to C Stack
Moving plate from A Stack to B Stack
Moving plate from C Stack to B Stack
Moving plate from C Stack to A Stack
Moving plate from B Stack to A Stack
Moving plate from C Stack to B Stack
Moving plate from A Stack to C Stack
Moving plate from A Stack to B Stack
Moving plate from C Stack to B Stack
