Reading ../examples/morehanoi.feeny
Move plate 1 from A Stack to C Stack
Move plate 2 from A Stack to B Stack
Move plate 1 from C Stack to B Stack
Move plate 3 from A Stack to C Stack
Move plate 1 from B Stack to A Stack
Move plate 2 from B Stack to C Stack
Move plate 1 from A Stack to C Stack
Move plate 4 from A Stack to B Stack
Move plate 1 from C Stack to B Stack
Move plate 2 from C Stack to A Stack
Move plate 1 from B Stack to A Stack
Move plate 3 from C Stack to B Stack
Move plate 1 from A Stack to C Stack
Move plate 2 from A Stack to B Stack
Move plate 1 from C Stack to B Stack
Move plate 5 from A Stack to C Stack
Move plate 1 from B Stack to A Stack
Move plate 2 from B Stack to C Stack
Move plate 1 from A Stack to C Stack
Move plate 3 from B Stack to A Stack
Move plate 1 from C Stack to B Stack
Move plate 2 from C Stack to A Stack
Move plate 1 from B Stack to A Stack
Move plate 4 from B Stack to C Stack
Move plate 1 from A Stack to C Stack
Move plate 2 from A Stack to B Stack
Move plate 1 from C Stack to B Stack
Move plate 3 from A Stack to C Stack
Move plate 1 from B Stack to A Stack
Move plate 2 from B Stack to C Stack
Move plate 1 from A Stack to C Stack
Move plate 6 from A Stack to B Stack
Move plate 1 from C Stack to B Stack
Move plate 2 from C Stack to A Stack
Move plate 1 from B Stack to A Stack
Move plate 3 from C Stack to B Stack
Move plate 1 from A Stack to C Stack
Move plate 2 from A Stack to B Stack
Move plate 1 from C Stack to B Stack
Move plate 4 from C Stack to A Stack
Move plate 1 from B Stack to A Stack
Move plate 2 from B Stack to C Stack
Move plate 1 from A Stack to C Stack
Move plate 3 from B Stack to A Stack
Move plate 1 from C Stack to B Stack
Move plate 2 from C Stack to A Stack
Move plate 1 from B Stack to A Stack
Move plate 5 from C Stack to B Stack
Move plate 1 from A Stack to C Stack
Move plate 2 from A Stack to B Stack
Move plate 1 from C Stack to B Stack
Move plate 3 from A Stack to C Stack
Move plate 1 from B Stack to A Stack
Move plate 2 from B Stack to C Stack
Move plate 1 from A Stack to C Stack
Move plate 4 from A Stack to B Stack
Move plate 1 from C Stack to B Stack
Move plate 2 from C Stack to A Stack
Move plate 1 from B Stack to A Stack
Move plate 3 from C Stack to B Stack
Move plate 1 from A Stack to C Stack
Move plate 2 from A Stack to B Stack
Move plate 1 from C Stack to B Stack
